15:32:29.904 [main] INFO  base.BaseTest.setUp - Chrome Broswer opening
15:32:32.812 [main] INFO  base.BaseTest.setUp - Loading URL
15:32:36.842 [main] INFO  com.PS.TestCases.TC_MainMaster_Brand.VerifyAddNewBrand - >>>>>>>>>>> Verify Add New Brand Funcitonaoity <<<<<<<<<<<<<< 
15:32:36.857 [main] INFO  com.PS.PageObjects.Home_page.navigateToBrandMaster - Clicking on Main Master
15:33:27.098 [main] INFO  base.BaseTest.setUp - Chrome Broswer opening
15:33:28.621 [main] INFO  base.BaseTest.setUp - Loading URL
15:33:32.159 [main] INFO  reusable_methods.LoginHelper.Login - ------------- Login: Pallavi Swadi -------------
15:33:32.174 [main] INFO  reusable_methods.LoginHelper.Login - Entering Username
15:33:32.259 [main] INFO  reusable_methods.LoginHelper.Login - Entering Password
15:33:32.333 [main] INFO  reusable_methods.LoginHelper.Login - clicking on Loging button
15:33:32.413 [main] INFO  com.PS.TestCases.TC_MainMaster_Brand.VerifyAddNewBrand - >>>>>>>>>>> Verify Add New Brand Funcitonaoity <<<<<<<<<<<<<< 
15:33:32.417 [main] INFO  com.PS.PageObjects.Home_page.navigateToBrandMaster - Clicking on Main Master
15:33:39.472 [main] INFO  com.PS.PageObjects.Home_page.navigateToBrandMaster - Clicking on Brand Master
15:33:41.541 [main] INFO  com.PS.PageObjects.BrandMaster_page.clickOnNewBrandTab - Clicking on New Brand Button
15:33:41.601 [main] INFO  com.PS.PageObjects.BrandMaster_page.enterBrandName - Entering Brand name: Test Brand
15:33:41.698 [main] INFO  com.PS.PageObjects.BrandMaster_page.uploadBrandLogo - uploading Brand logo
15:33:41.745 [main] INFO  com.PS.PageObjects.BrandMaster_page.clickOnCreateBTN - Click on Create button
15:33:41.841 [main] INFO  com.PS.TestCases.TC_MainMaster_Brand.VerifyAddNewBrand - Verifying Brand Creation 
16:03:05.213 [main] INFO  base.BaseTest.setUp - Chrome Broswer opening
16:03:07.424 [main] INFO  base.BaseTest.setUp - Loading URL
16:03:12.021 [main] INFO  reusable_methods.LoginHelper.Login - ------------- Login: Pallavi Swadi -------------
16:03:12.037 [main] INFO  reusable_methods.LoginHelper.Login - Entering Username
16:03:12.164 [main] INFO  reusable_methods.LoginHelper.Login - Entering Password
16:03:12.237 [main] INFO  reusable_methods.LoginHelper.Login - clicking on Loging button
16:03:12.349 [main] INFO  com.PS.TestCases.TC_MainMaster_Brand.deleteCreatedBrand - >>>>>>>>>>> Verify delete Brand Functionality <<<<<<<<<<<<<< 
16:03:12.353 [main] INFO  com.PS.PageObjects.Home_page.navigateToBrandMaster - Clicking on Main Master
16:03:20.748 [main] INFO  com.PS.PageObjects.Home_page.navigateToBrandMaster - Clicking on Brand Master
16:03:23.673 [main] INFO  com.PS.PageObjects.BrandMaster_page.clickOnListTab - Click on Brand Lists
16:03:23.780 [main] INFO  com.PS.TestCases.TC_MainMaster_Brand.deleteCreatedBrand - Checking if brand exists before deletion: Test Brand
16:03:23.819 [main] INFO  com.PS.TestCases.TC_MainMaster_Brand.deleteCreatedBrand - Safe to delete Automation brand: Test Brand
16:03:23.819 [main] INFO  com.PS.PageObjects.BrandMaster_page.clickOnDeleteBrand - Clicking on delete icon
16:05:13.959 [main] INFO  base.BaseTest.setUp - Chrome Broswer opening
16:05:15.447 [main] INFO  base.BaseTest.setUp - Loading URL
16:05:18.676 [main] INFO  reusable_methods.LoginHelper.Login - ------------- Login: Pallavi Swadi -------------
16:05:18.687 [main] INFO  reusable_methods.LoginHelper.Login - Entering Username
16:05:18.765 [main] INFO  reusable_methods.LoginHelper.Login - Entering Password
16:05:18.830 [main] INFO  reusable_methods.LoginHelper.Login - clicking on Loging button
16:05:18.914 [main] INFO  com.PS.TestCases.TC_MainMaster_Brand.deleteCreatedBrand - >>>>>>>>>>> Verify delete Brand Functionality <<<<<<<<<<<<<< 
16:05:18.918 [main] INFO  com.PS.PageObjects.Home_page.navigateToBrandMaster - Clicking on Main Master
16:05:24.915 [main] INFO  com.PS.PageObjects.Home_page.navigateToBrandMaster - Clicking on Brand Master
16:05:26.959 [main] INFO  com.PS.PageObjects.BrandMaster_page.clickOnListTab - Click on Brand Lists
16:05:27.031 [main] INFO  com.PS.TestCases.TC_MainMaster_Brand.deleteCreatedBrand - Checking if brand exists before deletion: Test Brand
16:05:27.070 [main] INFO  com.PS.TestCases.TC_MainMaster_Brand.deleteCreatedBrand - Safe to delete Automation brand: Test Brand
16:05:27.070 [main] INFO  com.PS.PageObjects.BrandMaster_page.clickOnDeleteBrand - Clicking on delete icon
16:06:59.193 [main] INFO  base.BaseTest.setUp - Chrome Broswer opening
16:07:00.660 [main] INFO  base.BaseTest.setUp - Loading URL
16:07:03.640 [main] INFO  reusable_methods.LoginHelper.Login - ------------- Login: Pallavi Swadi -------------
16:07:03.653 [main] INFO  reusable_methods.LoginHelper.Login - Entering Username
16:07:03.730 [main] INFO  reusable_methods.LoginHelper.Login - Entering Password
16:07:03.799 [main] INFO  reusable_methods.LoginHelper.Login - clicking on Loging button
16:07:03.895 [main] INFO  com.PS.TestCases.TC_MainMaster_Brand.deleteCreatedBrand - >>>>>>>>>>> Verify delete Brand Functionality <<<<<<<<<<<<<< 
16:07:03.898 [main] INFO  com.PS.PageObjects.Home_page.navigateToBrandMaster - Clicking on Main Master
16:07:09.409 [main] INFO  com.PS.PageObjects.Home_page.navigateToBrandMaster - Clicking on Brand Master
16:07:11.038 [main] INFO  com.PS.PageObjects.BrandMaster_page.clickOnListTab - Click on Brand Lists
16:07:11.113 [main] INFO  com.PS.TestCases.TC_MainMaster_Brand.deleteCreatedBrand - Checking if brand exists before deletion: Test Brand
16:07:11.150 [main] INFO  com.PS.TestCases.TC_MainMaster_Brand.deleteCreatedBrand - Safe to delete Automation brand: Test Brand
16:07:11.150 [main] INFO  com.PS.PageObjects.BrandMaster_page.clickOnDeleteBrand - Clicking on delete icon
16:07:11.234 [main] INFO  com.PS.PageObjects.BrandMaster_page.confirmDelete - clicking on confirm delete
16:52:17.389 [main] INFO  base.BaseTest.setUp - Chrome Broswer opening
16:52:18.771 [main] INFO  base.BaseTest.setUp - Loading URL
16:52:22.461 [main] INFO  reusable_methods.LoginHelper.Login - ------------- Login: Pallavi Swadi -------------
16:52:22.479 [main] INFO  reusable_methods.LoginHelper.Login - Entering Username
16:52:22.561 [main] INFO  reusable_methods.LoginHelper.Login - Entering Password
16:52:22.627 [main] INFO  reusable_methods.LoginHelper.Login - clicking on Loging button
16:52:22.725 [main] INFO  com.PS.TestCases.TC_MainMaster_Brand.deleteCreatedBrand - >>>>>>>>>>> Verify delete Brand Functionality <<<<<<<<<<<<<< 
16:52:22.727 [main] INFO  com.PS.PageObjects.Home_page.navigateToBrandMaster - Clicking on Main Master
16:52:28.312 [main] INFO  com.PS.PageObjects.Home_page.navigateToBrandMaster - Clicking on Brand Master
16:52:31.157 [main] INFO  com.PS.PageObjects.BrandMaster_page.clickOnListTab - Click on Brand Lists
16:52:31.248 [main] INFO  com.PS.TestCases.TC_MainMaster_Brand.deleteCreatedBrand - Checking if brand exists before deletion: Test Brand
16:52:31.248 [main] INFO  com.PS.PageObjects.BrandMaster_page.isBrandPresent - Searching for Brand: Test Brand
16:52:38.951 [main] INFO  base.BaseTest.setUp - Chrome Broswer opening
16:52:40.003 [main] INFO  base.BaseTest.setUp - Loading URL
16:52:42.982 [main] INFO  reusable_methods.LoginHelper.Login - ------------- Login: Pallavi Swadi -------------
16:52:42.982 [main] INFO  reusable_methods.LoginHelper.Login - Entering Username
16:52:43.063 [main] INFO  reusable_methods.LoginHelper.Login - Entering Password
16:52:43.132 [main] INFO  reusable_methods.LoginHelper.Login - clicking on Loging button
16:52:43.222 [main] INFO  com.PS.TestCases.TC_MainMaster_Brand.VerifyAddNewBrand - >>>>>>>>>>> Verify Add New Brand Funcitonaoity <<<<<<<<<<<<<< 
16:52:43.222 [main] INFO  com.PS.PageObjects.Home_page.navigateToBrandMaster - Clicking on Main Master
16:52:48.439 [main] INFO  com.PS.PageObjects.Home_page.navigateToBrandMaster - Clicking on Brand Master
16:52:50.047 [main] INFO  com.PS.PageObjects.BrandMaster_page.clickOnNewBrandTab - Clicking on New Brand Button
16:52:50.106 [main] INFO  com.PS.PageObjects.BrandMaster_page.enterBrandName - Entering Brand name: Test Brand
16:52:50.199 [main] INFO  com.PS.PageObjects.BrandMaster_page.uploadBrandLogo - uploading Brand logo
16:52:50.252 [main] INFO  com.PS.PageObjects.BrandMaster_page.clickOnCreateBTN - Click on Create button
16:52:50.344 [main] INFO  com.PS.TestCases.TC_MainMaster_Brand.VerifyAddNewBrand - Verifying Brand Creation 
16:54:07.421 [main] INFO  base.BaseTest.setUp - Chrome Broswer opening
16:54:08.893 [main] INFO  base.BaseTest.setUp - Loading URL
16:54:11.805 [main] INFO  reusable_methods.LoginHelper.Login - ------------- Login: Pallavi Swadi -------------
16:54:11.818 [main] INFO  reusable_methods.LoginHelper.Login - Entering Username
16:54:11.896 [main] INFO  reusable_methods.LoginHelper.Login - Entering Password
16:54:11.965 [main] INFO  reusable_methods.LoginHelper.Login - clicking on Loging button
16:54:12.063 [main] INFO  com.PS.TestCases.TC_MainMaster_Brand.VerifyAddNewBrand - >>>>>>>>>>> Verify Add New Brand Funcitonaoity <<<<<<<<<<<<<< 
16:54:12.066 [main] INFO  com.PS.PageObjects.Home_page.navigateToBrandMaster - Clicking on Main Master
16:54:17.261 [main] INFO  com.PS.PageObjects.Home_page.navigateToBrandMaster - Clicking on Brand Master
16:54:18.870 [main] INFO  com.PS.PageObjects.BrandMaster_page.clickOnNewBrandTab - Clicking on New Brand Button
16:54:18.980 [main] INFO  com.PS.PageObjects.BrandMaster_page.enterBrandName - Entering Brand name: Test Brand
16:54:19.077 [main] INFO  com.PS.PageObjects.BrandMaster_page.uploadBrandLogo - uploading Brand logo
16:54:19.132 [main] INFO  com.PS.PageObjects.BrandMaster_page.clickOnCreateBTN - Click on Create button
16:54:19.213 [main] INFO  com.PS.TestCases.TC_MainMaster_Brand.VerifyAddNewBrand - Verifying Brand Creation 
16:54:21.832 [main] INFO  base.BaseTest.setUp - Chrome Broswer opening
16:54:22.950 [main] INFO  base.BaseTest.setUp - Loading URL
16:54:25.817 [main] INFO  reusable_methods.LoginHelper.Login - ------------- Login: Pallavi Swadi -------------
16:54:25.818 [main] INFO  reusable_methods.LoginHelper.Login - Entering Username
16:54:25.898 [main] INFO  reusable_methods.LoginHelper.Login - Entering Password
16:54:25.966 [main] INFO  reusable_methods.LoginHelper.Login - clicking on Loging button
16:54:26.055 [main] INFO  com.PS.TestCases.TC_MainMaster_Brand.deleteCreatedBrand - >>>>>>>>>>> Verify delete Brand Functionality <<<<<<<<<<<<<< 
16:54:26.056 [main] INFO  com.PS.PageObjects.Home_page.navigateToBrandMaster - Clicking on Main Master
16:54:31.227 [main] INFO  com.PS.PageObjects.Home_page.navigateToBrandMaster - Clicking on Brand Master
16:54:32.796 [main] INFO  com.PS.PageObjects.BrandMaster_page.clickOnListTab - Click on Brand Lists
16:54:32.874 [main] INFO  com.PS.TestCases.TC_MainMaster_Brand.deleteCreatedBrand - Checking if brand exists before deletion: Test Brand
16:54:32.874 [main] INFO  com.PS.PageObjects.BrandMaster_page.isBrandPresent - Searching for Brand: Test Brand
16:57:22.833 [main] INFO  base.BaseTest.setUp - Chrome Broswer opening
16:57:24.257 [main] INFO  base.BaseTest.setUp - Loading URL
16:57:27.491 [main] INFO  reusable_methods.LoginHelper.Login - ------------- Login: Pallavi Swadi -------------
16:57:27.503 [main] INFO  reusable_methods.LoginHelper.Login - Entering Username
16:57:27.586 [main] INFO  reusable_methods.LoginHelper.Login - Entering Password
16:57:27.656 [main] INFO  reusable_methods.LoginHelper.Login - clicking on Loging button
16:57:27.734 [main] INFO  com.PS.TestCases.TC_MainMaster_Brand.deleteCreatedBrand - >>>>>>>>>>> Verify delete Brand Functionality <<<<<<<<<<<<<< 
16:57:27.738 [main] INFO  com.PS.PageObjects.Home_page.navigateToBrandMaster - Clicking on Main Master
16:57:33.002 [main] INFO  com.PS.PageObjects.Home_page.navigateToBrandMaster - Clicking on Brand Master
16:57:34.649 [main] INFO  com.PS.PageObjects.BrandMaster_page.clickOnListTab - Click on Brand Lists
16:57:34.733 [main] INFO  com.PS.TestCases.TC_MainMaster_Brand.deleteCreatedBrand - Checking if brand exists before deletion: Test Brand
16:57:34.734 [main] INFO  com.PS.PageObjects.BrandMaster_page.isBrandPresent - Searching for Brand: Test Brand
16:57:34.892 [main] INFO  com.PS.PageObjects.BrandMaster_page.isBrandPresent - Brand Not found in list: Test Brand
16:57:34.892 [main] WARN  com.PS.TestCases.TC_MainMaster_Brand.deleteCreatedBrand - Bran not found Skipped deletion Test Brand
17:01:17.644 [main] INFO  base.BaseTest.setUp - Chrome Broswer opening
17:01:19.044 [main] INFO  base.BaseTest.setUp - Loading URL
17:01:22.858 [main] INFO  reusable_methods.LoginHelper.Login - ------------- Login: Pallavi Swadi -------------
17:01:22.877 [main] INFO  reusable_methods.LoginHelper.Login - Entering Username
17:01:22.962 [main] INFO  reusable_methods.LoginHelper.Login - Entering Password
17:01:23.032 [main] INFO  reusable_methods.LoginHelper.Login - clicking on Loging button
17:01:23.111 [main] INFO  com.PS.TestCases.TC_MainMaster_Brand.deleteCreatedBrand - >>>>>>>>>>> Verify delete Brand Functionality <<<<<<<<<<<<<< 
17:01:23.113 [main] INFO  com.PS.PageObjects.Home_page.navigateToBrandMaster - Clicking on Main Master
17:01:28.390 [main] INFO  com.PS.PageObjects.Home_page.navigateToBrandMaster - Clicking on Brand Master
17:01:29.993 [main] INFO  com.PS.PageObjects.BrandMaster_page.clickOnListTab - Click on Brand Lists
17:01:30.065 [main] INFO  com.PS.TestCases.TC_MainMaster_Brand.deleteCreatedBrand - Checking if brand exists before deletion: Test Brand
17:01:30.065 [main] INFO  com.PS.PageObjects.BrandMaster_page.isBrandPresent - Searching for Brand: Test Brand
17:01:30.202 [main] INFO  com.PS.PageObjects.BrandMaster_page.isBrandPresent - Brand found in list: Test Brand
17:01:30.203 [main] INFO  com.PS.TestCases.TC_MainMaster_Brand.deleteCreatedBrand - Safe to Delete Automation Brand :Test Brand
17:01:30.203 [main] INFO  com.PS.PageObjects.BrandMaster_page.clickOnDeleteBrand - Clicking on delete icon
17:01:30.288 [main] INFO  com.PS.PageObjects.BrandMaster_page.confirmDelete - clicking on confirm delete
